------------------------------------------------------------
Client connecting to 12.1.1.1, TCP port 5001 with pid 98 (1 flows)
Write buffer size: 131072 Byte
TOS set to 0x0 (Nagle on)
TCP window size: 16.0 KByte (default)
------------------------------------------------------------
[  1] local 12.1.1.2%oaitun_ue0 port 58451 connected with 12.1.1.1 port 5001 (reverse) (sock=3) on 2023-11-22 15:38:23.089 (UTC)
[ ID] Interval        Transfer    Bandwidth       Reads=Dist
[ *1] 0.00-1.00 sec  3.15 MBytes  26.4 Mbits/sec  1162=1162:0:0:0:0:0:0:0
[ *1] 1.00-2.00 sec  6.70 MBytes  56.2 Mbits/sec  1637=1632:5:0:0:0:0:0:0
[ *1] 2.00-3.00 sec  8.65 MBytes  72.6 Mbits/sec  1987=1971:16:0:0:0:0:0:0
[ *1] 3.00-4.00 sec  8.65 MBytes  72.5 Mbits/sec  1759=1744:15:0:0:0:0:0:0
[ *1] 4.00-5.00 sec  8.62 MBytes  72.3 Mbits/sec  2219=2212:7:0:0:0:0:0:0
[ *1] 5.00-6.00 sec  8.64 MBytes  72.5 Mbits/sec  2255=2238:17:0:0:0:0:0:0
[ *1] 6.00-7.00 sec  8.42 MBytes  70.6 Mbits/sec  2188=2174:14:0:0:0:0:0:0
[ *1] 7.00-8.00 sec  8.64 MBytes  72.5 Mbits/sec  2280=2267:13:0:0:0:0:0:0
[ *1] 8.00-9.00 sec  8.46 MBytes  70.9 Mbits/sec  2316=2307:9:0:0:0:0:0:0
[ *1] 9.00-10.00 sec  8.57 MBytes  71.9 Mbits/sec  2321=2309:12:0:0:0:0:0:0
[ *1] 10.00-11.00 sec  8.56 MBytes  71.8 Mbits/sec  2377=2367:10:0:0:0:0:0:0
[ *1] 11.00-12.00 sec  8.57 MBytes  71.9 Mbits/sec  2287=2273:14:0:0:0:0:0:0
[ *1] 12.00-13.00 sec  8.46 MBytes  71.0 Mbits/sec  1466=1430:11:0:1:0:0:0:24
[ *1] 13.00-14.00 sec  8.74 MBytes  73.3 Mbits/sec  2152=2131:11:3:0:1:0:0:6
[ *1] 14.00-15.00 sec  8.50 MBytes  71.3 Mbits/sec  2225=2215:10:0:0:0:0:0:0
[ *1] 15.00-16.00 sec  8.64 MBytes  72.5 Mbits/sec  2324=2310:14:0:0:0:0:0:0
[ *1] 16.00-17.00 sec  8.46 MBytes  70.9 Mbits/sec  2231=2223:8:0:0:0:0:0:0
[ *1] 17.00-18.00 sec  8.54 MBytes  71.6 Mbits/sec  2111=2093:18:0:0:0:0:0:0
[ *1] 18.00-19.00 sec  8.57 MBytes  71.9 Mbits/sec  2355=2345:10:0:0:0:0:0:0
[ *1] 19.00-20.00 sec  8.72 MBytes  73.1 Mbits/sec  2324=2305:19:0:0:0:0:0:0
[ *1] 20.00-21.00 sec  8.54 MBytes  71.6 Mbits/sec  2300=2289:11:0:0:0:0:0:0
[ *1] 21.00-22.00 sec  8.63 MBytes  72.4 Mbits/sec  2319=2308:11:0:0:0:0:0:0
[ *1] 22.00-23.00 sec  8.82 MBytes  74.0 Mbits/sec  2451=2435:16:0:0:0:0:0:0
[ *1] 23.00-24.00 sec  8.67 MBytes  72.7 Mbits/sec  2313=2293:20:0:0:0:0:0:0
[ *1] 24.00-25.00 sec  8.63 MBytes  72.4 Mbits/sec  2345=2333:12:0:0:0:0:0:0
[ *1] 25.00-26.00 sec  8.49 MBytes  71.2 Mbits/sec  2285=2276:9:0:0:0:0:0:0
[ *1] 26.00-27.00 sec  8.47 MBytes  71.0 Mbits/sec  2211=2196:15:0:0:0:0:0:0
[ *1] 27.00-28.00 sec  8.62 MBytes  72.3 Mbits/sec  2297=2286:11:0:0:0:0:0:0
[ *1] 28.00-29.00 sec  8.77 MBytes  73.5 Mbits/sec  2325=2306:19:0:0:0:0:0:0
[ *1] 29.00-30.00 sec  8.37 MBytes  70.2 Mbits/sec  2107=2091:16:0:0:0:0:0:0
[ *1] 30.00-31.00 sec  8.70 MBytes  73.0 Mbits/sec  2306=2291:15:0:0:0:0:0:0
[ *1] 31.00-32.00 sec  8.65 MBytes  72.6 Mbits/sec  2241=2232:9:0:0:0:0:0:0
[ *1] 32.00-33.00 sec  8.68 MBytes  72.8 Mbits/sec  2321=2310:11:0:0:0:0:0:0
[ *1] 33.00-34.00 sec  8.74 MBytes  73.3 Mbits/sec  2258=2242:15:1:0:0:0:0:0
[ *1] 34.00-35.00 sec  7.71 MBytes  64.7 Mbits/sec  1279=1247:7:1:0:0:0:0:24
[ *1] 35.00-36.00 sec  9.33 MBytes  78.3 Mbits/sec  2296=2269:18:1:0:1:0:0:7
[ *1] 36.00-37.00 sec  8.65 MBytes  72.6 Mbits/sec  2367=2354:13:0:0:0:0:0:0
[ *1] 37.00-38.00 sec  8.35 MBytes  70.0 Mbits/sec  2077=2056:21:0:0:0:0:0:0
[ *1] 38.00-39.00 sec  8.25 MBytes  69.2 Mbits/sec  2082=2068:14:0:0:0:0:0:0
[ *1] 39.00-40.00 sec  8.62 MBytes  72.3 Mbits/sec  2202=2188:14:0:0:0:0:0:0
[ *1] 40.00-41.00 sec  8.81 MBytes  73.9 Mbits/sec  2251=2235:16:0:0:0:0:0:0
[ *1] 41.00-42.00 sec  8.55 MBytes  71.7 Mbits/sec  2127=2107:20:0:0:0:0:0:0
[ *1] 42.00-43.00 sec  8.65 MBytes  72.6 Mbits/sec  2341=2329:12:0:0:0:0:0:0
[ *1] 43.00-44.00 sec  8.76 MBytes  73.5 Mbits/sec  2395=2386:9:0:0:0:0:0:0
[ *1] 44.00-45.00 sec  8.73 MBytes  73.3 Mbits/sec  2370=2356:14:0:0:0:0:0:0
[ *1] 45.00-46.00 sec  8.71 MBytes  73.1 Mbits/sec  2373=2363:10:0:0:0:0:0:0
[ *1] 46.00-47.00 sec  8.76 MBytes  73.5 Mbits/sec  2289=2274:15:0:0:0:0:0:0
[ *1] 47.00-48.00 sec  8.77 MBytes  73.5 Mbits/sec  2351=2337:14:0:0:0:0:0:0
[ *1] 48.00-49.00 sec  8.55 MBytes  71.7 Mbits/sec  2123=2107:16:0:0:0:0:0:0
[ *1] 49.00-50.00 sec  8.67 MBytes  72.7 Mbits/sec  2297=2283:14:0:0:0:0:0:0
[ *1] 50.00-51.00 sec  8.63 MBytes  72.4 Mbits/sec  2260=2253:7:0:0:0:0:0:0
[ *1] 51.00-52.00 sec  8.58 MBytes  72.0 Mbits/sec  2202=2182:20:0:0:0:0:0:0
[ *1] 52.00-53.00 sec  8.64 MBytes  72.5 Mbits/sec  2199=2180:19:0:0:0:0:0:0
[ *1] 53.00-54.00 sec  8.69 MBytes  72.9 Mbits/sec  2273=2259:14:0:0:0:0:0:0
[ *1] 54.00-55.00 sec  8.74 MBytes  73.3 Mbits/sec  2277=2266:11:0:0:0:0:0:0
[ *1] 55.00-56.00 sec  8.73 MBytes  73.2 Mbits/sec  2268=2245:23:0:0:0:0:0:0
[ *1] 56.00-57.00 sec  8.66 MBytes  72.7 Mbits/sec  2289=2280:9:0:0:0:0:0:0
[ *1] 57.00-58.00 sec  8.71 MBytes  73.0 Mbits/sec  2306=2297:9:0:0:0:0:0:0
[ *1] 58.00-59.00 sec  8.74 MBytes  73.4 Mbits/sec  2314=2301:13:0:0:0:0:0:0
[ *1] 59.00-60.00 sec  7.67 MBytes  64.4 Mbits/sec  1263=1230:8:1:0:2:0:0:22
[ *1] 0.00-60.18 sec   511 MBytes  71.2 Mbits/sec  131385=130497:785:8:1:4:0:0:90
